
Gurobi 7.0.2 (linux64) logging started Mon May 15 19:30:20 2017

Changed value of parameter LogFile to /home/marra/SensorPlacement/examples/Rings_15_9/./SP_gurobi.log
   Prev: gurobi.log  Default: 
Changed value of parameter MIPfocus to 1
   Prev: 0  Min: 0  Max: 3  Default: 0
Optimize a model with 413 rows, 206 columns and 84577 nonzeros
Variable types: 1 continuous, 205 integer (205 binary)
Coefficient statistics:
  Matrix range     [7e-05, 1e+00]
  Objective range  [1e+00, 1e+00]
  Bounds range     [1e+00, 1e+00]
  RHS range        [2e+01, 2e+01]
Found heuristic solution: objective 8.5123
Presolve time: 0.30s
Presolved: 413 rows, 206 columns, 84333 nonzeros
Variable types: 1 continuous, 205 integer (205 binary)

Root relaxation: objective 3.411677e-02, 1912 iterations, 1.79 seconds

    Nodes    |    Current Node    |     Objective Bounds      |     Work
 Expl Unexpl |  Obj  Depth IntInf | Incumbent    BestBd   Gap | It/Node Time

     0     0    0.03412    0  195    8.51230    0.03412   100%     -    2s
H    0     0                       7.3248476    0.03412   100%     -    2s
H    0     0                       7.0526581    0.03412   100%     -    3s
H    0     0                       7.0462030    0.03412   100%     -    3s
H    0     0                       6.0389654    0.03412  99.4%     -    3s
H    0     0                       5.9494883    0.03412  99.4%     -    7s
H    0     0                       5.8330765    0.03412  99.4%     -    7s
     0     0    0.04239    0  198    5.83308    0.04239  99.3%     -    7s
H    0     0                       5.6527718    0.04239  99.3%     -    8s
H    0     0                       5.2592621    0.04239  99.2%     -    9s
     0     0    0.05055    0  199    5.25926    0.05055  99.0%     -   13s
H    0     0                       4.8330253    0.05055  99.0%     -   14s
     0     0    0.05085    0  198    4.83303    0.05085  98.9%     -   14s
     0     0    0.05089    0  201    4.83303    0.05089  98.9%     -   17s
H    0     0                       4.5176480    0.05089  98.9%     -   30s
H    0     0                       4.3439759    0.05089  98.8%     -   65s
     0     2    0.05089    0  201    4.34398    0.05089  98.8%     -   66s
    15    32    0.23255    4  171    4.34398    0.17279  96.0%   305   70s
    63    96    0.27294    6  160    4.34398    0.25541  94.1%   228   77s
H  108   128                       4.2660633    0.25541  94.0%   184   79s
H  111   128                       4.1618744    0.25541  93.9%   182   79s
   127   129    0.34201    8  167    4.16187    0.25541  93.9%   176   80s
   159   160    0.37049    9  165    4.16187    0.25541  93.9%   162   90s
   311   315    0.49131   12  153    4.16187    0.25541  93.9%   133  103s
   429   428    0.55577   14  154    4.16187    0.25541  93.9%   119  105s
   600   597    0.59002   16  146    4.16187    0.25541  93.9%   107  152s
   751   740    0.63481   18  137    4.16187    0.25541  93.9%  98.2  164s
H  775   761                       3.9064021    0.25541  93.5%  97.3  164s
   814   802    0.64752   19  146    3.90640    0.25541  93.5%  95.5  165s
  1787  1707    0.81649   26  130    3.90640    0.27574  92.9%  71.3  170s
  2291  2172    0.85115   29  118    3.90640    0.27574  92.9%  64.2  180s
  3733  3507    1.05069   39  108    3.90640    0.34201  91.2%  54.4  186s
  4212  3935    1.30791   46   91    3.90640    0.37049  90.5%  56.5  190s
  4396  4122    1.37444   48   94    3.90640    0.37049  90.5%  57.1  233s
  4541  4259    1.46804   52   79    3.90640    0.37049  90.5%  57.6  235s
  5095  4784    1.50113   20  195    3.90640    0.37049  90.5%  58.1  243s
  5096  4785    3.90053  115  195    3.90640    0.37049  90.5%  58.1  245s
  5099  4787    2.56267   73  201    3.90640    0.37049  90.5%  58.0  291s
  5100  4791    0.37049   15  191    3.90640    0.37049  90.5%  58.5  336s
  5114  4814    0.37049   18  167    3.90640    0.37049  90.5%  59.2  340s
  5258  4902    0.67646   21  148    3.90640    0.37049  90.5%  61.9  345s
  5600  5117    1.11501   25  121    3.90640    0.45870  88.3%  63.9  388s
H 5617  4880                       3.8995945    0.45870  88.2%  64.0  388s
  5681  4930    0.61719   26  136    3.89959    0.49143  87.4%  64.2  392s
  5934  5076    0.74107   28  140    3.89959    0.53120  86.4%  64.4  395s
  5997  5111    0.56148   29  147    3.89959    0.53120  86.4%  64.4  413s
  6098  5185    0.78003   29  130    3.89959    0.53120  86.4%  64.6  450s
  7511  6001    0.99796   34  111    3.89959    0.57530  85.2%  61.5  455s
  9069  6729    1.86480   41   64    3.89959    0.57661  85.2%  57.0  460s
  9949  7197    2.70793   52   41    3.89959    0.59006  84.9%  56.8  467s
 10570  7513     cutoff   75         3.89959    0.59119  84.8%  56.2  470s
 10775  7613     cutoff   91         3.89959    0.60989  84.4%  56.1  476s
 11097  7790    0.99903   24  107    3.89959    0.60989  84.4%  56.0  509s
 11225  7862    1.25056   26   95    3.89959    0.60989  84.4%  56.1  510s
 12395  8473    1.63422   29   82    3.89959    0.60989  84.4%  55.1  550s
 12583  8571    1.48600   29   86    3.89959    0.60989  84.4%  55.1  576s
 13059  8800    1.78562   32   68    3.89959    0.60989  84.4%  55.0  583s
 14459  9490    2.39945   39   50    3.89959    0.60989  84.4%  53.7  590s
 16255 10386    0.90441   24  125    3.89959    0.63281  83.8%  52.8  598s
 16886 10735    1.09044   34  120    3.89959    0.63281  83.8%  52.9  600s

Cutting planes:
  Gomory: 9

Explored 17293 nodes (919245 simplex iterations) in 600.47 seconds
Thread count was 32 (of 32 available processors)

Solution count 10: 3.89959 3.9064 4.16187 ... 5.83308
Pool objective bound 0.632813

Time limit reached
Best objective 3.899594461941e+00, best bound 6.328126790851e-01, gap 83.7723%
