
Gurobi 7.0.2 (linux64) logging started Mon May 15 19:30:20 2017

Changed value of parameter LogFile to /home/marra/SensorPlacement/examples/Rings_15_9/./SP_gurobi.log
   Prev: gurobi.log  Default: 
Changed value of parameter MIPfocus to 1
   Prev: 0  Min: 0  Max: 3  Default: 0
Optimize a model with 413 rows, 206 columns and 84577 nonzeros
Variable types: 1 continuous, 205 integer (205 binary)
Coefficient statistics:
  Matrix range     [7e-05, 1e+00]
  Objective range  [1e+00, 1e+00]
  Bounds range     [1e+00, 1e+00]
  RHS range        [2e+01, 2e+01]
Found heuristic solution: objective 8.5123
Presolve time: 0.30s
Presolved: 413 rows, 206 columns, 84333 nonzeros
Variable types: 1 continuous, 205 integer (205 binary)

Root relaxation: objective 3.411677e-02, 1912 iterations, 1.79 seconds

    Nodes    |    Current Node    |     Objective Bounds      |     Work
 Expl Unexpl |  Obj  Depth IntInf | Incumbent    BestBd   Gap | It/Node Time

     0     0    0.03412    0  195    8.51230    0.03412   100%     -    2s
H    0     0                       7.3248476    0.03412   100%     -    2s
H    0     0                       7.0526581    0.03412   100%     -    3s
H    0     0                       7.0462030    0.03412   100%     -    3s
H    0     0                       6.0389654    0.03412  99.4%     -    3s
H    0     0                       5.9494883    0.03412  99.4%     -    7s
H    0     0                       5.8330765    0.03412  99.4%     -    7s
     0     0    0.04239    0  198    5.83308    0.04239  99.3%     -    7s
H    0     0                       5.6527718    0.04239  99.3%     -    8s
H    0     0                       5.2592621    0.04239  99.2%     -    9s
     0     0    0.05055    0  199    5.25926    0.05055  99.0%     -   13s
H    0     0                       4.8330253    0.05055  99.0%     -   14s
     0     0    0.05085    0  198    4.83303    0.05085  98.9%     -   14s
     0     0    0.05089    0  201    4.83303    0.05089  98.9%     -   17s
H    0     0                       4.5176480    0.05089  98.9%     -   30s
H    0     0                       4.3439759    0.05089  98.8%     -   65s
     0     2    0.05089    0  201    4.34398    0.05089  98.8%     -   66s
    15    32    0.23255    4  171    4.34398    0.17279  96.0%   305   70s
    63    96    0.27294    6  160    4.34398    0.25541  94.1%   228   77s
H  108   128                       4.2660633    0.25541  94.0%   184   79s
H  111   128                       4.1618744    0.25541  93.9%   182   79s
   127   129    0.34201    8  167    4.16187    0.25541  93.9%   176   80s
   159   160    0.37049    9  165    4.16187    0.25541  93.9%   162   90s
   311   315    0.49131   12  153    4.16187    0.25541  93.9%   133  103s
   429   428    0.55577   14  154    4.16187    0.25541  93.9%   119  105s
   600   597    0.59002   16  146    4.16187    0.25541  93.9%   107  152s
   751   740    0.63481   18  137    4.16187    0.25541  93.9%  98.2  164s
H  775   761                       3.9064021    0.25541  93.5%  97.3  164s
   814   802    0.64752   19  146    3.90640    0.25541  93.5%  95.5  165s
  1787  1707    0.81649   26  130    3.90640    0.27574  92.9%  71.3  170s
  2291  2172    0.85115   29  118    3.90640    0.27574  92.9%  64.2  180s
  3733  3507    1.05069   39  108    3.90640    0.34201  91.2%  54.4  186s
  4212  3935    1.30791   46   91    3.90640    0.37049  90.5%  56.5  190s
  4396  4122    1.37444   48   94    3.90640    0.37049  90.5%  57.1  233s
  4541  4259    1.46804   52   79    3.90640    0.37049  90.5%  57.6  235s
  5095  4784    1.50113   20  195    3.90640    0.37049  90.5%  58.1  243s
  5096  4785    3.90053  115  195    3.90640    0.37049  90.5%  58.1  245s
  5099  4787    2.56267   73  201    3.90640    0.37049  90.5%  58.0  291s
  5100  4791    0.37049   15  191    3.90640    0.37049  90.5%  58.5  336s
  5114  4814    0.37049   18  167    3.90640    0.37049  90.5%  59.2  340s
  5258  4902    0.67646   21  148    3.90640    0.37049  90.5%  61.9  345s
  5600  5117    1.11501   25  121    3.90640    0.45870  88.3%  63.9  388s
H 5617  4880                       3.8995945    0.45870  88.2%  64.0  388s
  5681  4930    0.61719   26  136    3.89959    0.49143  87.4%  64.2  392s
  5934  5076    0.74107   28  140    3.89959    0.53120  86.4%  64.4  395s
  5997  5111    0.56148   29  147    3.89959    0.53120  86.4%  64.4  413s
  6098  5185    0.78003   29  130    3.89959    0.53120  86.4%  64.6  450s
  7511  6001    0.99796   34  111    3.89959    0.57530  85.2%  61.5  455s
  9069  6729    1.86480   41   64    3.89959    0.57661  85.2%  57.0  460s
  9949  7197    2.70793   52   41    3.89959    0.59006  84.9%  56.8  467s
 10570  7513     cutoff   75         3.89959    0.59119  84.8%  56.2  470s
 10775  7613     cutoff   91         3.89959    0.60989  84.4%  56.1  476s
 11097  7790    0.99903   24  107    3.89959    0.60989  84.4%  56.0  509s
 11225  7862    1.25056   26   95    3.89959    0.60989  84.4%  56.1  510s
 12395  8473    1.63422   29   82    3.89959    0.60989  84.4%  55.1  550s
 12583  8571    1.48600   29   86    3.89959    0.60989  84.4%  55.1  576s
 13059  8800    1.78562   32   68    3.89959    0.60989  84.4%  55.0  583s
 14459  9490    2.39945   39   50    3.89959    0.60989  84.4%  53.7  590s
 16255 10386    0.90441   24  125    3.89959    0.63281  83.8%  52.8  598s
 16886 10735    1.09044   34  120    3.89959    0.63281  83.8%  52.9  600s

Cutting planes:
  Gomory: 9

Explored 17293 nodes (919245 simplex iterations) in 600.47 seconds
Thread count was 32 (of 32 available processors)

Solution count 10: 3.89959 3.9064 4.16187 ... 5.83308
Pool objective bound 0.632813

Time limit reached
Best objective 3.899594461941e+00, best bound 6.328126790851e-01, gap 83.7723%

Gurobi 7.0.2 (linux64) logging started Mon May 15 19:52:45 2017

Changed value of parameter LogFile to /home/marra/SensorPlacement/examples/Rings_15_9_bis/./SP_gurobi.log
   Prev: gurobi.log  Default: 
Changed value of parameter MIPfocus to 1
   Prev: 0  Min: 0  Max: 3  Default: 0
Optimize a model with 817 rows, 206 columns and 167509 nonzeros
Variable types: 1 continuous, 205 integer (205 binary)
Coefficient statistics:
  Matrix range     [9e-05, 1e+00]
  Objective range  [1e+00, 1e+00]
  Bounds range     [1e+00, 1e+00]
  RHS range        [2e+01, 2e+01]
Found heuristic solution: objective 10.2535
Presolve time: 0.84s
Presolved: 817 rows, 206 columns, 167049 nonzeros
Variable types: 1 continuous, 205 integer (205 binary)

Root simplex log...

Iteration    Objective       Primal Inf.    Dual Inf.      Time
    1472    1.3185565e-01   6.505278e+02   0.000000e+00      5s
    2755    1.6942906e-01   8.814362e+02   0.000000e+00     10s
    4088    1.6989472e-01   1.996542e+02   0.000000e+00     15s
    4152    1.6987281e-01   0.000000e+00   0.000000e+00     15s

Root relaxation: objective 1.698728e-01, 4152 iterations, 14.45 seconds

    Nodes    |    Current Node    |     Objective Bounds      |     Work
 Expl Unexpl |  Obj  Depth IntInf | Incumbent    BestBd   Gap | It/Node Time

     0     0    0.16987    0  205   10.25348    0.16987  98.3%     -   15s
H    0     0                       7.0216298    0.16987  97.6%     -   15s
H    0     0                       6.2093597    0.16987  97.3%     -   16s
H    0     0                       6.1466188    0.16987  97.2%     -   24s
H    0     0                       5.9368127    0.16987  97.1%     -   24s
     0     0    0.20269    0  205    5.93681    0.20269  96.6%     -   28s
H    0     0                       5.5391433    0.20269  96.3%     -   30s
     0     0    0.20270    0  205    5.53914    0.20270  96.3%     -   38s
     0     2    0.20270    0  205    5.53914    0.20270  96.3%     -  274s
     1     4    0.23102    1  204    5.53914    0.20270  96.3%  2064  308s
     3     8    0.24760    2  202    5.53914    0.23102  95.8%  3899  313s
     7    16    0.29846    3  200    5.53914    0.24760  95.5%  2130  319s
    15    32    0.35492    4  199    5.53914    0.30522  94.5%  1307  327s
    31    64    0.42527    5  194    5.53914    0.35492  93.6%   940  335s
    63    96    0.49795    6  195    5.53914    0.42527  92.3%   662  373s
    95   128    0.55279    7  189    5.53914    0.42527  92.3%   513  385s
H  109   128                       5.5391433    0.42527  92.3%   475  385s
   127   129    0.60663    8  175    5.53914    0.42527  92.3%   437  391s
   159   160    0.64307    9  174    5.53914    0.42527  92.3%   395  398s
   191   194    0.64466   10  172    5.53914    0.42527  92.3%   354  422s
H  205   207                       5.5040724    0.42527  92.3%   339  422s
H  211   213                       5.4268892    0.42527  92.2%   333  422s
H  216   218                       5.3396481    0.42527  92.0%   329  422s
   223   222    0.66811   11  173    5.33965    0.42527  92.0%   333  431s
   345   344    0.68732   13  167    5.33965    0.42527  92.0%   264  473s
   377   382    0.69648   14  166    5.33965    0.42527  92.0%   252  478s
   467   460    0.78460   15  156    5.33965    0.42527  92.0%   228  484s
   554   552    0.80522   16  156    5.33965    0.42527  92.0%   209  488s
   659   652    0.82079   17  148    5.33965    0.42527  92.0%   191  491s
   888   870    0.87818   19  153    5.33965    0.42527  92.0%   164  498s
  1020   997    0.92687   20  140    5.33965    0.42527  92.0%   153  502s
  1158  1118    0.94699   21  140    5.33965    0.42527  92.0%   143  505s
  1480  1398    1.01372   24  130    5.33965    0.42527  92.0%   127  513s
  1664  1559    1.05819   25  134    5.33965    0.42527  92.0%   119  516s
  1868  1743    1.09889   26  126    5.33965    0.42527  92.0%   112  520s
  2082  1940    1.10502   27  126    5.33965    0.42527  92.0%   107  525s
  2469  2312    1.26153   30  120    5.33965    0.42527  92.0%  98.5  542s
  2501  2338    1.35248   31  114    5.33965    0.42527  92.0%  98.5  545s
  3104  2933    1.43817   34   98    5.33965    0.42527  92.0%  87.8  552s
  3339  3156    1.46686   35  104    5.33965    0.42527  92.0%  84.1  558s
  3704  3504    1.61871   37   98    5.33965    0.42527  92.0%  80.0  563s
  4029  3809    1.71802   40   97    5.33965    0.42527  92.0%  77.4  568s
  4333  4093    1.75317   42   95    5.33965    0.42527  92.0%  75.6  574s
  4618  4356    1.89279   44   83    5.33965    0.42527  92.0%  74.5  580s
  4905  4617    1.95545   47   78    5.33965    0.42527  92.0%  73.4  586s
  5179  4885    2.00682   50   69    5.33965    0.42527  92.0%  72.7  593s
  5378  5065    2.12609   54   74    5.33965    0.42527  92.0%  72.9  600s

Cutting planes:
  Gomory: 2

Explored 5600 nodes (414356 simplex iterations) in 600.09 seconds
Thread count was 32 (of 32 available processors)

Solution count 10: 5.33965 5.42689 5.50407 ... 10.2535
Pool objective bound 0.425272

Time limit reached
Best objective 5.339648076075e+00, best bound 4.252716964657e-01, gap 92.0356%

Gurobi 7.0.2 (linux64) logging started Mon May 15 20:06:59 2017

Changed value of parameter LogFile to /home/marra/SensorPlacement/examples/Rings_15_9_bis/./SP_gurobi.log
   Prev: gurobi.log  Default: 
Changed value of parameter MIPfocus to 1
   Prev: 0  Min: 0  Max: 3  Default: 0
Optimize a model with 1597 rows, 206 columns and 327707 nonzeros
Variable types: 1 continuous, 205 integer (205 binary)
Coefficient statistics:
  Matrix range     [4e-05, 1e+00]
  Objective range  [1e+00, 1e+00]
  Bounds range     [1e+00, 1e+00]
  RHS range        [2e+01, 2e+01]
Found heuristic solution: objective 9.21182
Presolve time: 1.36s
Presolved: 1597 rows, 206 columns, 326735 nonzeros
Variable types: 1 continuous, 205 integer (205 binary)
Presolved: 206 rows, 1803 columns, 326941 nonzeros


Root simplex log...

Iteration    Objective       Primal Inf.    Dual Inf.      Time
     757    4.5073361e-01   0.000000e+00   2.406194e+03      5s
    1621    4.7284907e-01   0.000000e+00   1.836223e+04     10s
    2423    4.6883889e-01   0.000000e+00   0.000000e+00     14s
    2423    4.6883889e-01   0.000000e+00   0.000000e+00     14s

Root relaxation: objective 4.688389e-01, 2423 iterations, 12.44 seconds

    Nodes    |    Current Node    |     Objective Bounds      |     Work
 Expl Unexpl |  Obj  Depth IntInf | Incumbent    BestBd   Gap | It/Node Time

     0     0    0.46884    0  204    9.21182    0.46884  94.9%     -   14s
H    0     0                       8.2367655    0.46884  94.3%     -   14s
H    0     0                       6.5751342    0.46884  92.9%     -   16s
H    0     0                       6.4997480    0.46884  92.8%     -   62s
H    0     0                       6.0913029    0.46884  92.3%     -   81s

Explored 0 nodes (2423 simplex iterations) in 600.03 seconds
Thread count was 32 (of 32 available processors)

Solution count 5: 6.0913 6.49975 6.57513 ... 9.21182
Pool objective bound 0.468839

Time limit reached
Best objective 6.091302894923e+00, best bound 4.688388858817e-01, gap 92.3031%

Gurobi 7.0.2 (linux64) logging started Mon May 15 20:19:50 2017

Changed value of parameter LogFile to /home/marra/SensorPlacement/examples/Rings_15_9_bis/./SP_gurobi.log
   Prev: gurobi.log  Default: 
Changed value of parameter MIPfocus to 1
   Prev: 0  Min: 0  Max: 3  Default: 0
Optimize a model with 1597 rows, 206 columns and 327707 nonzeros
Variable types: 1 continuous, 205 integer (205 binary)
Coefficient statistics:
  Matrix range     [4e-05, 1e+00]
  Objective range  [1e+00, 1e+00]
  Bounds range     [1e+00, 1e+00]
  RHS range        [2e+01, 2e+01]
Found heuristic solution: objective 9.21182
Presolve time: 1.54s
Presolved: 1597 rows, 206 columns, 326735 nonzeros
Variable types: 1 continuous, 205 integer (205 binary)
Presolved: 206 rows, 1803 columns, 326941 nonzeros


Root simplex log...

Iteration    Objective       Primal Inf.    Dual Inf.      Time
     757    4.5073361e-01   0.000000e+00   2.406194e+03      5s
    1841    4.7452058e-01   0.000000e+00   8.113871e+02     11s
    2423    4.6883889e-01   0.000000e+00   0.000000e+00     13s
    2423    4.6883889e-01   0.000000e+00   0.000000e+00     13s

Root relaxation: objective 4.688389e-01, 2423 iterations, 11.45 seconds

    Nodes    |    Current Node    |     Objective Bounds      |     Work
 Expl Unexpl |  Obj  Depth IntInf | Incumbent    BestBd   Gap | It/Node Time

     0     0    0.46884    0  204    9.21182    0.46884  94.9%     -   13s
H    0     0                       8.2367655    0.46884  94.3%     -   14s
H    0     0                       6.5751342    0.46884  92.9%     -   15s
H    0     0                       6.4997480    0.46884  92.8%     -   58s
H    0     0                       6.0913029    0.46884  92.3%     -   77s

Explored 0 nodes (2423 simplex iterations) in 600.03 seconds
Thread count was 32 (of 32 available processors)

Solution count 5: 6.0913 6.49975 6.57513 ... 9.21182
Pool objective bound 0.468839

Time limit reached
Best objective 6.091302894923e+00, best bound 4.688388858817e-01, gap 92.3031%

Gurobi 7.0.2 (linux64) logging started Mon May 15 20:41:38 2017

Changed value of parameter LogFile to /home/marra/SensorPlacement/examples/Rings_15_9_bis/./SP_gurobi.log
   Prev: gurobi.log  Default: 
Changed value of parameter MIPfocus to 1
   Prev: 0  Min: 0  Max: 3  Default: 0
Optimize a model with 1597 rows, 206 columns and 327707 nonzeros
Variable types: 1 continuous, 205 integer (205 binary)
Coefficient statistics:
  Matrix range     [4e-05, 1e+00]
  Objective range  [1e+00, 1e+00]
  Bounds range     [1e+00, 1e+00]
  RHS range        [2e+01, 2e+01]
Found heuristic solution: objective 9.21182
Presolve time: 1.66s
Presolved: 1597 rows, 206 columns, 326735 nonzeros
Variable types: 1 continuous, 205 integer (205 binary)
Presolved: 206 rows, 1803 columns, 326941 nonzeros


Root simplex log...

Iteration    Objective       Primal Inf.    Dual Inf.      Time
     649    4.4137819e-01   0.000000e+00   4.456436e+03      5s
    1404    4.6790369e-01   0.000000e+00   3.985415e+03     10s
    2284    4.6883997e-01   1.867884e-02   0.000000e+00     15s
    2423    4.6883889e-01   0.000000e+00   0.000000e+00     16s
    2423    4.6883889e-01   0.000000e+00   0.000000e+00     16s

Root relaxation: objective 4.688389e-01, 2423 iterations, 14.32 seconds

    Nodes    |    Current Node    |     Objective Bounds      |     Work
 Expl Unexpl |  Obj  Depth IntInf | Incumbent    BestBd   Gap | It/Node Time

     0     0    0.46884    0  204    9.21182    0.46884  94.9%     -   16s
H    0     0                       8.2367655    0.46884  94.3%     -   17s
H    0     0                       6.5751342    0.46884  92.9%     -   18s
H    0     0                       6.4997480    0.46884  92.8%     -   64s
H    0     0                       6.0913029    0.46884  92.3%     -   82s
     0     2    0.46884    0  204    6.09130    0.46884  92.3%     -  741s
     1     4    0.48987    1  204    6.09130    0.46884  92.3%  4496  844s
     3     8    0.48987    2  202    6.09130    0.48987  92.0%  6783  862s
H    7    16                       6.0395188    0.48987  91.9%  3616  885s
    15    32    0.53798    4  198    6.03952    0.51761  91.4%  2416  904s
    31    64    0.57259    5  196    6.03952    0.53798  91.1%  1561  938s
    63    96    0.60277    6  188    6.03952    0.57259  90.5%  1089 1102s
H   70    96                       6.0125133    0.57259  90.5%  1013 1102s
    95   128    0.66515    7  191    6.01251    0.57259  90.5%   809 1116s
   127   129    0.67331    8  188    6.01251    0.57259  90.5%   667 1142s
   159   160    0.69139    9  186    6.01251    0.57259  90.5%   586 1157s
   191   194    0.69305   10  185    6.01251    0.57259  90.5%   516 1177s
   242   241    0.73049   11  185    6.01251    0.57259  90.5%   461 1194s
   298   300    0.82714   12  177    6.01251    0.57259  90.5%   412 1381s
   330   331    0.89024   13  171    6.01251    0.57259  90.5%   395 1400s
   404   406    1.05324   14  154    6.01251    0.57259  90.5%   359 1519s
   438   435    1.05350   15  167    6.01251    0.57259  90.5%   344 1531s
   521   518    1.13644   16  151    6.01251    0.57259  90.5%   330 1600s
   622   615    1.13759   17  154    6.01251    0.57259  90.5%   302 1616s
   728   716    1.13768   18  156    6.01251    0.57259  90.5%   276 1656s
   845   832    1.28107   19  166    6.01251    0.57259  90.5%   261 1673s
   982   955    1.28691   20  165    6.01251    0.57259  90.5%   240 1692s
  1129  1094    1.35826   22  158    6.01251    0.57259  90.5%   223 1704s
  1290  1236    1.40221   23  155    6.01251    0.57259  90.5%   206 1715s
  1469  1394    1.42555   24  150    6.01251    0.57259  90.5%   191 1725s
  1670  1571    1.45738   26  147    6.01251    0.57259  90.5%   176 1734s
  1895  1764    1.48165   28  142    6.01251    0.57259  90.5%   162 1799s
  1932  1795    1.50065   29  147    6.01251    0.57259  90.5%   161 1810s
H 2145  1963                       6.0121303    0.57259  90.5%   151 1810s
  2159  1983    1.53814   31  144    6.01213    0.57259  90.5%   150 1819s
  2435  2220    1.57506   32  139    6.01213    0.57259  90.5%   139 1829s
  2760  2495    1.60671   33  136    6.01213    0.57259  90.5%   128 1842s
  3126  2803    1.63292   34  131    6.01213    0.57259  90.5%   118 1853s
  3510  3149    1.66586   36  129    6.01213    0.57259  90.5%   110 1868s
  3903  3492    1.67762   38  125    6.01213    0.57259  90.5%   103 1888s
  4232  3773    1.70496   41  123    6.01213    0.57259  90.5%  99.4 1910s
  4419  3937    1.74476   43  120    6.01213    0.57259  90.5%   100 1923s
  4623  4134    1.77487   46  118    6.01213    0.57259  90.5%  98.7 1936s
  4868  4354    1.84320   49  119    6.01213    0.57259  90.5%  97.3 1952s
  5115  4590    1.86012   51  116    6.01213    0.57259  90.5%  96.4 1969s
  5314  4782    1.93905   53  109    6.01213    0.57259  90.5%  96.1 2043s
H 5316  4763                       5.8445205    0.57259  90.2%  96.1 2043s
  5346  4786    1.94119   54  107    5.84452    0.57259  90.2%  96.3 2134s
  5380  4817    1.94986   55  112    5.84452    0.57259  90.2%  97.1 2172s
  5555  4993    2.10726   59  107    5.84452    0.57259  90.2%  97.8 2188s
  5787  5219    2.22516   65  103    5.84452    0.57259  90.2%  97.5 2257s
  6012  5442    2.40990   72   97    5.84452    0.57259  90.2%  97.6 2331s
  6098  5527    2.44417   73   95    5.84452    0.57259  90.2%  97.2 2874s
  6191  5623    2.58707   76   78    5.84452    0.57259  90.2%  97.6 3053s
  6434  5862    2.88623   84   81    5.84452    0.57259  90.2%  97.7 3078s
  6925  6334    3.49306  105   54    5.84452    0.57259  90.2%  95.5 3104s
  7459  6799    4.70697  143   30    5.84452    0.66515  88.6%  93.1 3135s
  7912  7175    3.48349  122  204    5.84452    0.66515  88.6%  91.8 3165s
  7914  7176    2.48570   84  204    5.84452    0.66515  88.6%  91.7 3187s
H 7915  6818                       5.8401263    0.66515  88.6%  91.7 3235s

Explored 7915 nodes (730875 simplex iterations) in 3600.05 seconds
Thread count was 32 (of 32 available processors)

Solution count 10: 5.84013 5.84452 6.01213 ... 9.21182
Pool objective bound 0.665151

Time limit reached
Best objective 5.840126334358e+00, best bound 6.651506706474e-01, gap 88.6107%
