
Gurobi 7.0.2 (linux64) logging started Mon May 15 18:06:53 2017

Changed value of parameter LogFile to /home/marra/SensorPlacement/examples/Rings_15_2/./SP_gurobi.log
   Prev: gurobi.log  Default: 
Changed value of parameter MIPfocus to 1
   Prev: 0  Min: 0  Max: 3  Default: 0
Optimize a model with 357 rows, 206 columns and 73281 nonzeros
Variable types: 1 continuous, 205 integer (205 binary)
Coefficient statistics:
  Matrix range     [2e-05, 1e+00]
  Objective range  [1e+00, 1e+00]
  Bounds range     [1e+00, 1e+00]
  RHS range        [2e+01, 2e+01]
Found heuristic solution: objective 4.96358
Presolve time: 0.25s
Presolved: 357 rows, 206 columns, 73073 nonzeros
Variable types: 1 continuous, 205 integer (205 binary)

Root relaxation: objective 3.982495e-01, 898 iterations, 0.25 seconds

    Nodes    |    Current Node    |     Objective Bounds      |     Work
 Expl Unexpl |  Obj  Depth IntInf | Incumbent    BestBd   Gap | It/Node Time

     0     0    0.39825    0   58    4.96358    0.39825  92.0%     -    0s
H    0     0                       3.5313958    0.39825  88.7%     -    0s
H    0     0                       2.6465896    0.39825  85.0%     -    1s
H    0     0                       2.2616250    0.39825  82.4%     -    2s
     0     0    0.39988    0   52    2.26162    0.39988  82.3%     -    2s
     0     2    0.39988    0   52    2.26162    0.39988  82.3%     -    9s
     7    16    0.39988    3   51    2.26162    0.39988  82.3%   171   10s
H   34    64                       2.1767943    0.39988  81.6%   106   11s
H   35    64                       2.1196688    0.39988  81.1%   104   11s
H   39    64                       1.8356192    0.39988  78.2%  94.9   11s
   159   158    0.42421    8   41    1.83562    0.39988  78.2%  75.1   17s
H  171   171                       1.8146519    0.39988  78.0%  73.5   17s
   307   311    0.45040   10   37    1.81465    0.39988  78.0%  57.8   22s
   488   484    0.56401   15   32    1.81465    0.39988  78.0%  48.3   29s
H  507   502                       1.7812210    0.39988  77.6%  47.2   29s
   801   768    0.61695   20   32    1.78122    0.39988  77.6%  39.5   30s
H  934   876                       1.7506213    0.39988  77.2%  36.6   34s
   960   893    0.63743   23   31    1.75062    0.39988  77.2%  36.1   35s
  1422  1282    1.16622   33   24    1.75062    0.39988  77.2%  31.8   43s
  2256  1900    1.74400   59   11    1.75062    0.39996  77.2%  28.3   52s
H 2282  1875                       1.6702085    0.39996  76.1%  28.3   52s
  2295  1891     cutoff   59         1.67021    0.42459  74.6%  28.3   55s
  2962  2407    1.41024   43   52    1.67021    0.42478  74.6%  27.9   61s
  2967  2410    1.03785   22   51    1.67021    0.42478  74.6%  27.8   72s
  3062  2507    0.42478   16   45    1.67021    0.42478  74.6%  30.5   75s
  5396  3592    0.95543   41   25    1.67021    0.42478  74.6%  28.6   82s
  6299  4002    1.52620   48   15    1.67021    0.42478  74.6%  27.9   86s
  7098  4275    0.61299   22   34    1.67021    0.42478  74.6%  27.3   93s
  7200  4310    0.64740   25   33    1.67021    0.42478  74.6%  27.4   98s
  7780  4552    0.90033   40   30    1.67021    0.42478  74.6%  27.3  103s
  8272  4756    1.43907   57   13    1.67021    0.42478  74.6%  26.9  106s
 12457  7195    1.61644   49    8    1.67021    0.43169  74.2%  25.6  110s
 14923  9041    1.43121   48   13    1.67021    0.43300  74.1%  25.3  119s
 15508  9447    0.61922   23   29    1.67021    0.43515  73.9%  25.3  120s
 18619 11792    1.23490   47   18    1.67021    0.43945  73.7%  24.9  125s
 19933 12757    0.59692   31   33    1.67021    0.44154  73.6%  24.9  134s
 20501 13145    0.66600   34   31    1.67021    0.44154  73.6%  24.8  135s
 21652 13986    0.93442   41   19    1.67021    0.44160  73.6%  24.8  142s
 23275 15143    0.55787   47   32    1.67021    0.44208  73.5%  24.5  146s
 24246 15864    0.94764   73   22    1.67021    0.44844  73.2%  24.4  150s
 27291 18075    0.88944   43   31    1.67021    0.46725  72.0%  24.2  161s
 27326 18064    0.89991   44   27    1.67021    0.46814  72.0%  24.2  165s
 29712 19842    1.53441   33    8    1.67021    0.46876  71.9%  24.1  170s
H31198 20784                       1.6502135    0.47075  71.5%  24.0  170s
 34276 23000    1.03577   46   21    1.65021    0.47232  71.4%  23.8  179s
 35676 24034    0.72465   27   26    1.65021    0.47258  71.4%  23.7  183s
 37216 25131    1.09264   52   18    1.65021    0.47316  71.3%  23.7  187s
 40286 27297    1.47185   90   19    1.65021    0.47408  71.3%  23.5  191s
 41269 27986    1.42365   49   13    1.65021    0.47541  71.2%  23.5  195s
 46335 31629    1.57414   49   16    1.65021    0.47860  71.0%  23.5  203s
 48910 33355    0.63666   36   26    1.65021    0.48001  70.9%  23.4  208s
 52438 35931    0.54755   45   34    1.65021    0.48122  70.8%  23.4  213s
 55050 37817    1.06477   72   23    1.65021    0.48234  70.8%  23.4  218s
 57445 39519     cutoff   49         1.65021    0.48286  70.7%  23.3  222s
 59968 41212    0.63435   30   32    1.65021    0.48369  70.7%  23.3  230s
 66389 45772    0.52894   36   33    1.65021    0.48525  70.6%  23.2  239s
 68486 47301    0.73339   48   30    1.65021    0.48649  70.5%  23.1  245s
 71397 49293     cutoff   52         1.65021    0.48766  70.4%  23.0  252s
 74402 51430    0.83048   40   28    1.65021    0.48832  70.4%  23.0  258s
 78062 53972    1.44200   50   20    1.65021    0.49031  70.3%  23.0  265s
 82050 56799    1.12393   34   18    1.65021    0.49138  70.2%  22.9  273s
 86304 59761    1.27049   50   20    1.65021    0.49285  70.1%  23.0  279s
 91315 63214    1.07753   34   19    1.65021    0.49436  70.0%  23.0  288s
 96224 66781    0.97594   53   23    1.65021    0.49531  70.0%  22.9  293s
 99919 69348    0.85425   41   27    1.65021    0.49672  69.9%  22.9  299s
 104012 72151    1.55767   98   13    1.65021    0.49777  69.8%  22.9  305s
 108166 75113    0.58455   29   29    1.65021    0.49888  69.8%  22.8  312s
 111399 77279    1.42393   36   12    1.65021    0.49961  69.7%  22.8  318s
 113794 78963    1.10196   78   22    1.65021    0.50012  69.7%  22.7  325s
 116701 80991    1.36424   45   17    1.65021    0.50050  69.7%  22.7  332s
 122008 84728    0.98898   41   26    1.65021    0.50176  69.6%  22.7  340s
 126738 87993    0.80092   37   28    1.65021    0.50281  69.5%  22.6  347s
 130701 90747    0.73690   30   29    1.65021    0.50389  69.5%  22.6  354s
 134779 93690    1.36520   72   21    1.65021    0.50480  69.4%  22.6  359s
 137497 95699    0.97952   50   26    1.65021    0.50485  69.4%  22.6  370s
 139662 97170    0.78862   43   24    1.65021    0.50541  69.4%  22.5  376s
 143658 99938    0.66794   32   30    1.65021    0.50645  69.3%  22.5  383s
 148501 103459    0.81944   36   25    1.65021    0.50722  69.3%  22.5  395s
 152491 106203    1.51305   83   15    1.65021    0.50810  69.2%  22.5  409s
 154935 107919    1.62165   71   18    1.65021    0.50901  69.2%  22.4  417s
 160741 111902    1.02513   45   21    1.65021    0.51038  69.1%  22.4  423s
 165370 115202    0.60166   43   31    1.65021    0.51127  69.0%  22.4  430s
 168862 117561    0.90937   59   27    1.65021    0.51148  69.0%  22.4  437s
 172893 120403    0.95504   37   20    1.65021    0.51265  68.9%  22.3  444s
 176045 122614    0.67380   48   32    1.65021    0.51350  68.9%  22.3  451s
 180842 125936    0.69166   50   30    1.65021    0.51413  68.8%  22.3  457s
 184908 128905     cutoff   66         1.65021    0.51451  68.8%  22.3  465s
 190110 132466    1.01553   54   22    1.65021    0.51585  68.7%  22.2  472s
 194262 135475    1.38174   67   12    1.65021    0.51655  68.7%  22.2  479s
 197580 137936    0.79067   57   27    1.65021    0.51686  68.7%  22.2  485s
 200857 140114    1.09851   41   20    1.65021    0.51704  68.7%  22.2  493s
 204710 142777    0.84915   58   30    1.65021    0.51836  68.6%  22.2  499s
 209548 146147    1.14738   55   21    1.65021    0.51916  68.5%  22.2  505s
 213077 148603    1.58713   57   13    1.65021    0.52007  68.5%  22.2  511s
 216141 150567    1.54156   48   14    1.65021    0.52034  68.5%  22.1  518s
 218501 152118    0.63273   45   29    1.65021    0.52105  68.4%  22.1  525s
 223921 155966    0.62922   39   33    1.65021    0.52152  68.4%  22.1  531s
 227848 158656    0.80226   37   27    1.65021    0.52237  68.3%  22.1  537s
 231875 161412    0.68502   39   30    1.65021    0.52315  68.3%  22.1  544s
 234498 163249     cutoff   56         1.65021    0.52336  68.3%  22.1  551s
 237154 165095    0.84233   34   29    1.65021    0.52377  68.3%  22.1  562s
 240882 167737    1.37469   35   17    1.65021    0.52443  68.2%  22.1  569s
 244849 170479    0.93624   39   25    1.65021    0.52508  68.2%  22.0  577s
 250155 174252    1.22331   56   17    1.65021    0.52589  68.1%  22.0  585s
 250238 174266    1.00105   57   23    1.65021    0.52595  68.1%  22.0  592s
 252471 175724    0.72592   37   29    1.65021    0.52611  68.1%  22.0  599s
H254482 177045                       1.6502122    0.52658  68.1%  22.0  599s
 257062 178951    0.87163   67   29    1.65021    0.52687  68.1%  22.0  600s

Cutting planes:
  Gomory: 1

Explored 258189 nodes (5671427 simplex iterations) in 600.09 seconds
Thread count was 32 (of 32 available processors)

Solution count 10: 1.65021 1.65021 1.67021 ... 2.26162
Pool objective bound 0.526869

Time limit reached
Best objective 1.650212223225e+00, best bound 5.268694847199e-01, gap 68.0726%
