
Gurobi 7.0.2 (linux64) logging started Mon May 15 19:06:57 2017

Changed value of parameter LogFile to /home/marra/SensorPlacement/examples/Rings_15_5/./SP_gurobi.log
   Prev: gurobi.log  Default: 
Changed value of parameter MIPfocus to 1
   Prev: 0  Min: 0  Max: 3  Default: 0
Optimize a model with 385 rows, 206 columns and 78799 nonzeros
Variable types: 1 continuous, 205 integer (205 binary)
Coefficient statistics:
  Matrix range     [5e-05, 1e+00]
  Objective range  [1e+00, 1e+00]
  Bounds range     [1e+00, 1e+00]
  RHS range        [2e+01, 2e+01]
Found heuristic solution: objective 7.36105
Presolve time: 0.30s
Presolved: 385 rows, 206 columns, 78561 nonzeros
Variable types: 1 continuous, 205 integer (205 binary)

Root relaxation: objective 0.000000e+00, 1203 iterations, 0.94 seconds

    Nodes    |    Current Node    |     Objective Bounds      |     Work
 Expl Unexpl |  Obj  Depth IntInf | Incumbent    BestBd   Gap | It/Node Time

     0     0    0.00000    0  191    7.36105    0.00000   100%     -    2s
H    0     0                       6.9317310    0.00000   100%     -    2s
H    0     0                       4.9132298    0.00000   100%     -    3s
     0     0    0.00000    0  191    4.91323    0.00000   100%     -    7s
H    0     0                       4.6959281    0.00000   100%     -   14s
H    0     0                       4.4989659    0.00000   100%     -   58s
     0     2    0.00000    0  190    4.49897    0.00000   100%     -   60s
     7    16    0.00060    3  176    4.49897    0.00054   100%   767   70s
    31    64    0.00060    5  175    4.49897    0.00060   100%   517   75s
H   33    64                       4.4602423    0.00060   100%   490   75s
H   52    64                       4.4378644    0.00061   100%   398   75s
H   57    64                       4.3434884    0.00061   100%   422   75s
    95   128    0.05221    7  150    4.34349    0.00062   100%   343   80s
   159   160    0.18875    9  146    4.34349    0.00062   100%   267   90s
   305   306    0.30384   12  136    4.34349    0.00062   100%   194  102s
H  311   312                       4.3040496    0.00062   100%   193  103s
   422   421    0.35327   14  133    4.30405    0.00062   100%   165  105s
   501   501    0.41334   15  135    4.30405    0.00062   100%   154  115s
   870   854    0.52510   20  123    4.30405    0.00062   100%   119  128s
  1055  1026    0.58784   22  117    4.30405    0.00062   100%   109  134s
  1088  1054    0.64767   23  111    4.30405    0.00062   100%   108  135s
  1279  1229    0.74458   24  115    4.30405    0.00062   100%  99.0  144s
H 1302  1248                       4.2764513    0.00062   100%  98.3  144s
  1313  1256    0.79260   25  110    4.27645    0.00062   100%  97.9  145s
  2052  1963    0.91060   32  108    4.27645    0.00062   100%  78.5  156s
  2084  1995    0.93619   33  104    4.27645    0.00062   100%  78.3  162s
  2448  2335    1.00927   36   93    4.27645    0.00062   100%  72.0  173s
  2773  2647    1.06174   38   94    4.27645    0.00062   100%  67.9  177s
  3471  3312    1.22027   44   84    4.27645    0.01566   100%  62.3  184s
  3503  3328    1.25312   45   84    4.27645    0.01566   100%  62.4  186s
  3880  3679    1.40352   49   76    4.27645    0.01566   100%  60.8  190s
H 3904  3640                       4.1354314    0.01566   100%  61.2  190s
  4496  4185    1.92229   59   60    4.13543    0.01566   100%  61.5  200s
  4528  4217    1.97400   60   64    4.13543    0.01566   100%  61.7  211s
  5292  4940    1.58507   45  191    4.13543    0.01566   100%  61.7  263s
  5294  4941    0.95972    9  191    4.13543    0.01566   100%  61.7  268s
  5296  4943    4.02288  123  190    4.13543    0.01566   100%  61.6  324s
  5297  4946    0.01566   16  191    4.13543    0.01566   100%  62.6  327s
  5303  4956    0.01951   18  157    4.13543    0.01566   100%  63.3  330s
  5327  4996    0.05930   20  153    4.13543    0.04324  99.0%  65.2  335s
  5423  5060    0.21998   22  153    4.13543    0.21998  94.7%  69.1  345s
  5594  5139    0.27547   24  146    4.13543    0.27325  93.4%  72.3  350s
  5798  5278    0.61570   25  138    4.13543    0.32906  92.0%  73.6  368s
  5976  5375    0.33295   27  136    4.13543    0.32974  92.0%  74.4  370s
  6671  5838    0.77901   29  113    4.13543    0.43712  89.4%  73.8  375s
  7680  6372    0.55114   31  126    4.13543    0.51256  87.6%  69.5  380s
  8523  6778    0.73783   33  124    4.13543    0.53365  87.1%  67.6  385s
  9164  7112    0.77686   37  117    4.13543    0.53369  87.1%  68.2  391s
 10242  7808    0.80811   41  120    4.13543    0.53369  87.1%  67.2  396s
 10994  8226    0.83847   43  116    4.13543    0.53757  87.0%  65.8  411s
 11187  8320    0.84577   44  119    4.13543    0.53757  87.0%  65.8  422s
 11493  8517    1.10831   45  107    4.13543    0.53757  87.0%  65.5  437s
 12379  9004    0.93500   48  110    4.13543    0.53757  87.0%  63.9  442s
 13310  9464    0.96448   51  105    4.13543    0.53757  87.0%  62.5  446s
 13796  9695    0.97821   53  104    4.13543    0.53757  87.0%  62.2  471s
 13950  9772    1.00595   55  104    4.13543    0.53757  87.0%  62.7  483s
 14191  9926    1.02569   57  103    4.13543    0.53757  87.0%  63.2  508s
 14477 10117    1.25574   59   88    4.13543    0.53757  87.0%  63.5  521s
 15068 10472    1.61305   62   84    4.13543    0.53757  87.0%  63.2  539s
 16098 10995    1.81823   67   79    4.13543    0.53757  87.0%  61.7  565s
 16836 11276    2.08300   74   67    4.13543    0.53757  87.0%  61.1  573s
 17929 11834    2.55315   87   42    4.13543    0.53757  87.0%  60.2  586s
 18600 12085    3.74599  118   14    4.13543    0.53757  87.0%  60.2  600s

Explored 18621 nodes (1123528 simplex iterations) in 600.02 seconds
Thread count was 32 (of 32 available processors)

Solution count 10: 4.13543 4.27645 4.30405 ... 6.93173
Pool objective bound 0.537574

Time limit reached
Best objective 4.135431366247e+00, best bound 5.375738955305e-01, gap 87.0008%
