
Gurobi 7.0.2 (linux64) logging started Mon May 15 18:35:02 2017

Changed value of parameter LogFile to /home/marra/SensorPlacement/examples/Rings_15_3/./SP_gurobi.log
   Prev: gurobi.log  Default: 
Changed value of parameter MIPfocus to 1
   Prev: 0  Min: 0  Max: 3  Default: 0
Optimize a model with 365 rows, 206 columns and 74785 nonzeros
Variable types: 1 continuous, 205 integer (205 binary)
Coefficient statistics:
  Matrix range     [3e-05, 1e+00]
  Objective range  [1e+00, 1e+00]
  Bounds range     [1e+00, 1e+00]
  RHS range        [2e+01, 2e+01]
Found heuristic solution: objective 7.33219
Presolve time: 0.24s
Presolved: 365 rows, 206 columns, 74545 nonzeros
Variable types: 1 continuous, 205 integer (205 binary)

Root relaxation: objective 4.782639e-01, 1776 iterations, 0.74 seconds

    Nodes    |    Current Node    |     Objective Bounds      |     Work
 Expl Unexpl |  Obj  Depth IntInf | Incumbent    BestBd   Gap | It/Node Time

     0     0    0.47826    0   84    7.33219    0.47826  93.5%     -    1s
H    0     0                       6.0273209    0.47826  92.1%     -    1s
H    0     0                       5.1532300    0.47826  90.7%     -    1s
H    0     0                       4.1482688    0.47826  88.5%     -    1s
H    0     0                       3.5953046    0.47826  86.7%     -    6s
H    0     0                       3.2479004    0.47826  85.3%     -    9s
     0     2    0.47826    0   84    3.24790    0.47826  85.3%     -   24s
     3     8    0.47826    2   92    3.24790    0.47826  85.3%   549   26s
H   31    64                       3.1989634    0.47826  85.0%   298   28s
H   47    64                       3.0739665    0.47826  84.4%   230   28s
H   56    64                       2.9956217    0.47848  84.0%   257   28s
   127   131    0.48020    8   77    2.99562    0.47850  84.0%   182   30s
   159   158    0.48162    9   82    2.99562    0.47850  84.0%   164   37s
H  181   182                       2.9904825    0.47850  84.0%   151   37s
   308   310    0.48390   12   71    2.99048    0.47850  84.0%   121   44s
H  331   333                       2.8906631    0.47850  83.4%   120   44s
   498   496    0.51057   15   66    2.89066    0.47850  83.4%   100   51s
H  503   502                       2.8802709    0.47850  83.4%   100   51s
H  512   510                       2.7250333    0.47850  82.4%  99.1   51s
   813   795    0.57743   17   65    2.72503    0.47850  82.4%  83.1   59s
   846   836    0.57466   17   69    2.72503    0.47861  82.4%  83.2   67s
  1004   985    0.62688   20   61    2.72503    0.47861  82.4%  79.1   72s
H 1020  1000                       2.7250333    0.47861  82.4%  79.2   72s
  1038  1013    0.62861   21   62    2.72503    0.47861  82.4%  78.6   79s
  1261  1218    0.81949   25   49    2.72503    0.47861  82.4%  72.7   80s
  1505  1445    0.94284   27   49    2.72503    0.47861  82.4%  67.2   88s
  1792  1702    1.17783   34   38    2.72503    0.47861  82.4%  63.9   92s
  2360  2226    2.34963   48   17    2.72503    0.48017  82.4%  57.9  100s
H 2369  2229                       2.7033916    0.48017  82.2%  57.8  100s
  2393  2229    2.67317   49    8    2.70339    0.48020  82.2%  57.8  107s
  3244  2987    0.49824   17   74    2.70339    0.48166  82.2%  56.7  115s
  3738  3388    2.66461   90   84    2.70339    0.48166  82.2%  54.6  129s
  3740  3389    0.48732   10   84    2.70339    0.48166  82.2%  54.6  130s
  3742  3391    0.78948   26   84    2.70339    0.48166  82.2%  54.6  150s
  3805  3466    0.48166   19   80    2.70339    0.48166  82.2%  58.4  155s
  4100  3627    0.52282   23   63    2.70339    0.48166  82.2%  61.4  174s
  4132  3655    0.48789   23   70    2.70339    0.48166  82.2%  61.5  175s
  5249  4316    0.88036   32   50    2.70339    0.48166  82.2%  58.3  182s
  5292  4324    1.14640   32   45    2.70339    0.48166  82.2%  58.4  185s
  6456  4896    2.30086   53   11    2.70339    0.48166  82.2%  57.2  192s
  6745  5041    0.48493   21   77    2.70339    0.48166  82.2%  57.1  195s
  7542  5425    0.78647   30   52    2.70339    0.48166  82.2%  56.0  201s
H 7544  5256                       2.7033916    0.48166  82.2%  56.0  201s
  7945  5488    0.98986   44   43    2.70339    0.48166  82.2%  55.7  209s
  7981  5508    1.02023   45   42    2.70339    0.48166  82.2%  55.8  214s
  8293  5683    1.55718   57   34    2.70339    0.48166  82.2%  55.6  223s
  8511  5819    2.33708   65   17    2.70339    0.48166  82.2%  55.7  230s
  9441  6267    0.53977   27   61    2.70339    0.48166  82.2%  53.9  235s
  9474  6275    0.54034   28   62    2.70339    0.48166  82.2%  53.9  240s
 10329  6705    0.49280   24   73    2.70339    0.48202  82.2%  53.9  248s
 11386  7209    1.12674   41   43    2.70339    0.48219  82.2%  53.0  256s
 11824  7440    2.47481   56    5    2.70339    0.48219  82.2%  52.7  264s
 11864  7438    2.49761   57    6    2.70339    0.48226  82.2%  52.7  271s
 13184  8078    0.51897   38   62    2.70339    0.48232  82.2%  52.2  280s
 14876  9299    2.46391  107   13    2.70339    0.48334  82.1%  50.6  291s
 15386  9694    0.52460   26   68    2.70339    0.48416  82.1%  50.7  299s
 15819 10108    0.66480   28   55    2.70339    0.48416  82.1%  50.8  307s
 16230 10464    0.76762   33   52    2.70339    0.48416  82.1%  50.6  314s
 17773 11654    2.67260   60   10    2.70339    0.48416  82.1%  49.5  322s
 18635 12439    2.59796   84   13    2.70339    0.48416  82.1%  49.5  330s
 18668 12454    2.60280   85   15    2.70339    0.48730  82.0%  49.5  339s
 19837 13356    0.57437   45   60    2.70339    0.48836  81.9%  48.7  347s
 21531 14738    0.72212   39   55    2.70339    0.48961  81.9%  48.2  359s
 23461 16353    0.96797   32   48    2.70339    0.49124  81.8%  47.4  368s
 24405 17116    1.26051   38   41    2.70339    0.49292  81.8%  47.3  377s
 26821 19098    1.05438   44   45    2.70339    0.49574  81.7%  46.5  387s
 26859 19096    0.94053   44   46    2.70339    0.49574  81.7%  46.5  397s
 28234 20233    2.25651   77   25    2.70339    0.49574  81.7%  46.4  405s
 28625 20546    2.68693   88   12    2.70339    0.49588  81.7%  46.4  415s
 31048 22493    0.71066   35   56    2.70339    0.49703  81.6%  46.1  426s
 32914 24103    2.50521   88   22    2.70339    0.49703  81.6%  45.9  434s
 32947 24080    2.50665   89   21    2.70339    0.49750  81.6%  45.9  446s
 34944 25620    0.56262   29   63    2.70339    0.49898  81.5%  45.3  455s
 37095 27345    2.13434   86   21    2.70339    0.49898  81.5%  44.9  464s
 37484 27645    2.23179   92   22    2.70339    0.50068  81.5%  44.9  474s
 38475 28461    0.85217   27   52    2.70339    0.50068  81.5%  44.7  486s
 40291 29984    1.99716   43   25    2.70339    0.50068  81.5%  44.4  496s
H40546 30124                       2.6779562    0.50068  81.3%  44.5  496s
 40961 30450    2.19394   52   23    2.67796    0.50144  81.3%  44.5  506s
 42661 31798    0.87950   36   52    2.67796    0.50250  81.2%  44.3  515s
 44670 33419    2.27434   76   23    2.67796    0.50388  81.2%  44.2  528s
 47433 35496    0.76128   37   60    2.67796    0.50433  81.2%  43.8  537s
 50506 37968    0.73742   33   54    2.67796    0.50591  81.1%  43.4  548s
 54325 41015    0.68205   42   59    2.67796    0.50891  81.0%  42.8  559s
 57619 43736    0.74714   31   58    2.67796    0.51083  80.9%  42.5  568s
 60728 46245    1.57793   36   30    2.67796    0.51239  80.9%  42.3  582s
 63835 48652    1.07011   43   45    2.67796    0.51425  80.8%  41.9  592s
 67467 51495    0.70451   42   55    2.67796    0.51566  80.7%  41.7  600s

Explored 70645 nodes (2928675 simplex iterations) in 600.09 seconds
Thread count was 32 (of 32 available processors)

Solution count 10: 2.67796 2.70339 2.70339 ... 3.07397
Pool objective bound 0.516279

Time limit reached
Best objective 2.677956203623e+00, best bound 5.162793875387e-01, gap 80.7211%
