
Gurobi 7.0.2 (linux64) logging started Mon May 15 18:49:12 2017

Changed value of parameter LogFile to /home/marra/SensorPlacement/examples/Rings_15_4/./SP_gurobi.log
   Prev: gurobi.log  Default: 
Changed value of parameter MIPfocus to 1
   Prev: 0  Min: 0  Max: 3  Default: 0
Optimize a model with 405 rows, 206 columns and 83151 nonzeros
Variable types: 1 continuous, 205 integer (205 binary)
Coefficient statistics:
  Matrix range     [1e-04, 1e+00]
  Objective range  [1e+00, 1e+00]
  Bounds range     [1e+00, 1e+00]
  RHS range        [2e+01, 2e+01]
Found heuristic solution: objective 7.15983
Presolve time: 0.29s
Presolved: 405 rows, 206 columns, 82925 nonzeros
Variable types: 1 continuous, 205 integer (205 binary)

Root relaxation: objective 4.076479e-01, 2848 iterations, 1.74 seconds

    Nodes    |    Current Node    |     Objective Bounds      |     Work
 Expl Unexpl |  Obj  Depth IntInf | Incumbent    BestBd   Gap | It/Node Time

     0     0    0.40765    0  115    7.15983    0.40765  94.3%     -    2s
H    0     0                       5.9595608    0.40765  93.2%     -    2s
H    0     0                       5.4987127    0.40765  92.6%     -    2s
H    0     0                       4.8671036    0.40765  91.6%     -    3s
     0     0    0.40996    0  125    4.86710    0.40996  91.6%     -    5s
H    0     0                       4.6432381    0.40996  91.2%     -    6s
H    0     0                       4.2038195    0.40996  90.2%     -   14s
H    0     0                       4.0767063    0.40996  89.9%     -   32s
     0     2    0.40996    0  125    4.07671    0.40996  89.9%     -   32s
     7    16    0.41141    3  104    4.07671    0.40996  89.9%   573   35s
H   35    64                       3.9235890    0.41739  89.4%   326   39s
H   42    64                       3.7434149    0.41739  88.9%   283   39s
    63    96    0.43710    6  104    3.74341    0.41907  88.8%   288   41s
   127   129    0.44037    8  106    3.74341    0.41907  88.8%   189   51s
   247   249    0.46147   11   96    3.74341    0.41907  88.8%   141   61s
   501   500    0.69049   16   94    3.74341    0.41907  88.8%   110   73s
H  522   520                       3.7361116    0.41907  88.8%   109   73s
   752   741    0.53188   18   96    3.73611    0.41907  88.8%  94.2   83s
   788   767    0.53364   19   96    3.73611    0.41907  88.8%  93.0   92s
   995   968    0.54842   21   92    3.73611    0.41907  88.8%  84.6   99s
  1030  1002    0.55115   22   90    3.73611    0.41907  88.8%  83.7  100s
  1229  1193    0.68157   23   85    3.73611    0.41907  88.8%  78.2  108s
  1343  1299    0.77229   25   85    3.73611    0.41907  88.8%  75.9  110s
  1855  1793    0.88106   27   84    3.73611    0.41907  88.8%  64.2  119s
  1891  1809    0.97027   28   82    3.73611    0.41907  88.8%  63.8  130s
  2731  2521    1.26244   33   74    3.73611    0.41907  88.8%  55.3  142s
  2985  2746    1.41124   37   65    3.73611    0.43711  88.3%  56.5  152s
  3167  2912    1.69149   41   55    3.73611    0.43711  88.3%  57.0  158s
  3199  2948    1.83137   41   56    3.73611    0.43711  88.3%  57.2  168s
  3552  3277    2.42851   57   34    3.73611    0.43711  88.3%  57.7  170s
  3943  3648    3.20129   76   20    3.73611    0.43711  88.3%  56.8  178s
  4380  4057    3.34646   93   14    3.73611    0.43711  88.3%  54.8  184s
  4421  4087     cutoff   94         3.73611    0.43711  88.3%  54.8  186s
  5001  4566    1.76752   39  125    3.73611    0.43711  88.3%  52.5  213s
  5003  4567    2.63055   46  115    3.73611    0.43711  88.3%  52.4  216s
  5006  4569    0.75104   21  125    3.73611    0.43711  88.3%  52.4  244s
  5007  4573    0.43711   15  119    3.73611    0.43711  88.3%  53.1  246s
  5037  4623    0.43711   19  103    3.73611    0.43711  88.3%  55.0  251s
H 5041  4393                       3.6376774    0.43711  88.0%  55.0  251s
  5165  4456    0.54545   21  105    3.63768    0.43928  87.9%  57.2  263s
H 5175  4241                       3.6265336    0.43928  87.9%  57.3  263s
H 5191  4043                       3.4966933    0.43928  87.4%  57.5  263s
  5310  4121    0.44231   23   99    3.49669    0.44040  87.4%  58.4  272s
  5475  4226    0.66940   24   96    3.49669    0.45204  87.1%  59.3  275s
  6523  4854    0.69657   28   97    3.49669    0.47981  86.3%  58.1  280s
  7485  5295    0.53183   31   95    3.49669    0.53035  84.8%  55.8  286s
  7937  5519    0.59241   33  102    3.49669    0.53035  84.8%  56.2  290s
  8090  5616    0.59510   34  100    3.49669    0.53035  84.8%  56.4  297s
  8280  5725    0.60464   35  100    3.49669    0.53035  84.8%  56.5  302s
  9596  6473    0.83440   39   85    3.49669    0.53035  84.8%  54.6  328s
 10120  6761    0.71211   41   88    3.49669    0.53035  84.8%  54.3  330s
 10947  7198    0.73085   43   87    3.49669    0.53035  84.8%  53.3  336s
 11281  7393    0.88433   44   92    3.49669    0.53035  84.8%  53.3  344s
 11640  7564    0.86035   45   82    3.49669    0.53035  84.8%  53.1  345s
 12856  8095    1.13405   50   75    3.49669    0.53035  84.8%  52.7  361s
 13982  8666    1.67125   56   57    3.49669    0.53035  84.8%  52.1  371s
 14867  9101    2.79530   66   26    3.49669    0.53113  84.8%  52.2  379s
 15531  9399    0.55912   26  106    3.49669    0.53113  84.8%  51.9  380s
 17099 10339    0.62967   36  109    3.49669    0.53113  84.8%  51.2  405s
 17163 10361    0.66722   38  105    3.49669    0.53113  84.8%  51.3  422s
 17785 10899    0.89915   42   88    3.49669    0.53113  84.8%  51.1  435s
 18772 11755    1.29324   53   89    3.49669    0.53113  84.8%  51.0  451s
 19536 12414    1.61130   65   70    3.49669    0.53113  84.8%  51.0  456s
 21825 14310    0.96089   31   83    3.49669    0.54198  84.5%  50.4  473s
 22876 15243    1.48004   44   68    3.49669    0.54198  84.5%  50.2  486s
 23574 15909    1.85356   69   55    3.49669    0.54198  84.5%  50.4  501s
 24474 16738    2.70670   96   38    3.49669    0.54198  84.5%  50.1  517s
 25372 17503    3.31541  123   26    3.49669    0.58040  83.4%  49.7  541s
 26447 18388    0.96629   35   85    3.49669    0.59303  83.0%  49.6  555s
 28051 19849    2.66829   75   30    3.49669    0.60478  82.7%  49.6  572s
 29917 21272    1.33812   55   65    3.49669    0.62201  82.2%  49.0  590s
 32522 23470    1.13444   49   79    3.49669    0.72088  79.4%  48.6  600s

Cutting planes:
  Gomory: 1

Explored 35251 nodes (1697629 simplex iterations) in 600.06 seconds
Thread count was 32 (of 32 available processors)

Solution count 10: 3.49669 3.62653 3.63768 ... 4.8671
Pool objective bound 0.720878

Time limit reached
Best objective 3.496693288889e+00, best bound 7.208783875573e-01, gap 79.3840%
